--- Mesh Dump [169 Found] ---
-0.000  Fullscreen Quad | 
-1.000  Fullscreen Quad | 
-2.000  SignalLight_02_GEO | 
-3.000  SignalLight_02_GEO | 
-4.000  LargeLightMount_GEO | 
-5.000  SignalLight_03_GEO | 
-6.000  SignalPost_GEO | 
-7.000  LiquidStorageTank_02_GEO | 
-8.000  Accropode | 
-9.000  SignalPost_GEO | 
-10.000  Accropode | 
-11.000  Accropode | 
-12.000  LiquidStorageTank_02_GEO | 
-13.000  LargeLightMount_GEO | 
-14.000  Accropode | 
-15.000  TransformerEnclosure_GEO | 
-16.000  LiquidStorageTank_01_GEO | 
-17.000  Accropode | 
-18.000  JunctionSignalLight_GEO | 
-19.000  Accropode | 
-20.000  SignalPost_GEO | 
-21.000  SignalLight_01_GEO | 
-22.000  Tank | 
-23.000  Accropode | 
-24.000  Accropode | 
-25.000  Accropode | 
-26.000  Accropode | 
-27.000  SignalLight_01_GEO | 
-28.000  LargeSignalMount_GEO | 
-29.000  LargeSignalBridge_GEO | 
-30.000  LowLightMount_GEO | 
-31.000  SignalLight_03_GEO | 
-32.000  Tank | 
-33.000  Accropode | 
-34.000  Accropode | 
-35.000  Accropode | 
-36.000  LowLightMount_GEO | 
-37.000  Accropode | 
-38.000  LiquidStorageTank_01_GEO | 
-39.000  Tank | 
-40.000  TransformerEnclosure_GEO | 
-41.000  LiquidStorageTank_01_GEO | 
-42.000  TripleSignalBridge_GEO | 
-43.000  Accropode | 
-44.000  SignalPost_GEO | 
-45.000  SignalLight_03_GEO | 
-46.000  Accropode | 
-47.000  Accropode | 
-48.000  Accropode | 
-49.000  LargeSignalBridge_GEO | 
-50.000  Accropode | 
-51.000  SignalPostMesh_GEO | 
-52.000  Accropode | 
-53.000  Accropode | 
-54.000  MediumLightMount_GEO | 
-55.000  SignalLight_01_GEO | 
-56.000  Accropode | 
-57.000  MediumLightMount_GEO | 
-58.000  AccropodeMould | 
-59.000  Accropode | 
-60.000  AccropodeMould | 
-61.000  TrespassRail | 
-62.000  Accropode | 
-63.000  Accropode | 
-64.000  LowLightMount_GEO | 
-65.000  Accropode | 
-66.000  LiquidStorageTank_01_GEO | 
-67.000  JunctionSignalLight_GEO | 
-68.000  SignalLight_03_GEO | 
-69.000  SignalLight_02_GEO | 
-70.000  MediumLightMount_GEO | 
-71.000  SignalLight_01_GEO | 
-72.000  LiquidStorageTank_01_GEO | 
-73.000  SignalLight_03_GEO | 
-74.000  LargeSignalBridge_GEO | 
-75.000  Accropode | 
-76.000  Accropode | 
-77.000  MediumLightMount_GEO | 
-78.000  Accropode | 
-79.000  LiquidStorageTank_01_GEO | 
-80.000  AccropodeMould | 
-81.000  LiquidStorageTank_01_GEO | 
-82.000  Accropode | 
-83.000  SmallLightMount_GEO | 
-84.000  Accropode | 
-85.000  AccropodeMould | 
-86.000  Accropode | 
-87.000  Accropode | 
-88.000  Accropode | 
-89.000  SignalPost_GEO | 
-90.000  LargeLightMount_GEO | 
-91.000  Accropode | 
-92.000  MediumLightMount_GEO | 
-93.000  TripleSignalBridge_GEO | 
-94.000  LowLightMount_GEO | 
-95.000  SignalLight_03_GEO | 
-96.000  SignalLight_03_GEO | 
-97.000  LargeSignalBridge_GEO | 
-98.000  Accropode | 
-99.000  Accropode | 
-100.000  SignalLight_02_GEO | 
-101.000  Accropode | 
-102.000  Accropode | 
-103.000  Accropode | 
-104.000  Accropode | 
-105.000  Accropode | 
-106.000  Accropode | 
-107.000  Accropode | 
-108.000  MediumLightMount_GEO | 
-109.000  Dome_GEO | 
-110.000  SignalLight_01_GEO | 
-111.000  Accropode | 
-112.000  SignalPostMesh_GEO | 
-113.000  TripleSignalBridge_GEO | 
-114.000  SmallLightMount_GEO | 
-115.000  Accropode | 
-116.000  SignalPostJunctionMesh_GEO | 
-117.000  SmallSignalMount_GEO | 
-118.000  LiquidStorageTank_02_GEO | 
-119.000  LargeLightMount_GEO | 
-120.000  LowLightMount_GEO | 
-121.000  LowLightMount_GEO | 
-122.000  AccropodeMould | 
-123.000  SignalPostMesh_GEO | 
-124.000  Accropode | 
-125.000  Accropode | 
-126.000  LiquidStorageTank_01_GEO | 
-127.000  LiquidStorageTank_01_GEO | 
-128.000  SignalPostMesh_GEO | 
-129.000  SignalLight_03_GEO | 
-130.000  Accropode | 
-131.000  LargeLightMount_GEO | 
-132.000  TransformerEnclosure_GEO | 
-133.000  Tank | 
-134.000  SignalLight_01_GEO | 
-135.000  LargeLightMount_GEO | 
-136.000  SignalLight_03_GEO | 
-137.000  TransformerEnclosure_GEO | 
-138.000  TransformerEnclosure_GEO | 
-139.000  Accropode | 
-140.000  SmallSignalMount_GEO | 
-141.000  LowLightMount_GEO | 
-142.000  LargeLightMount_GEO | 
-143.000  SignalLight_02_GEO | 
-144.000  Accropode | 
-145.000  TransformerEnclosure_GEO | 
-146.000  SignalPostJunctionMesh_GEO | 
-147.000  Accropode | 
-148.000  Dome_GEO | 
-149.000  Accropode | 
-150.000  LargeSignalBridge_GEO | 
-151.000  Accropode | 
-152.000  TripleSignalBridge_GEO | 
-153.000  SignalPost_GEO | 
-154.000  LargeLightMount_GEO | 
-155.000  Accropode | 
-156.000  SignalPost_GEO | 
-157.000  SignalLight_02_GEO | 
-158.000  Accropode | 
-159.000  SignalLight_03_GEO | 
-160.000  Accropode | 
-161.000  LargeSignalBridge_GEO | 
-162.000  SignalLight_01_GEO | 
-163.000  Accropode | 
-164.000  SignalPostMesh_GEO | 
-165.000  LiquidStorageTank_02_GEO | 
-166.000  LiquidStorageTank_01_GEO | 
-167.000  SignalLight_01_GEO | 
-168.000  MediumLightMount_GEO | 
-----------------------------------------
